<?xml version="1.0" encoding="UTF-8"?>
<testng-results ignored="0" total="1" passed="1" failed="0" skipped="0">
  <reporter-output>
  </reporter-output>
  <suite started-at="2025-12-27T12:48:28 IST" name="Default suite" finished-at="2025-12-27T12:48:28 IST" duration-ms="209">
    <groups>
    </groups>
    <test started-at="2025-12-27T12:48:28 IST" name="Default test" finished-at="2025-12-27T12:48:28 IST" duration-ms="209">
      <class name="ecommarce.Trouble_tickets">
        <test-method signature="tickets()[pri:0, instance:ecommarce.Trouble_tickets@18078bef]" started-at="2025-12-27T12:48:28 IST" name="tickets" finished-at="2025-12-27T12:48:28 IST" duration-ms="66" status="PASS">
          <reporter-output>
          </reporter-output>
        </test-method> <!-- tickets -->
      </class> <!-- ecommarce.Trouble_tickets -->
    </test> <!-- Default test -->
  </suite> <!-- Default suite -->
</testng-results>
